Error: CORS blocked origin: https://mission-map-lc-new.netlify.app
    at origin (C:\Users\kanni\Desktop\AI Based Quiz\backend\server.js:37:21)
    at C:\Users\kanni\Desktop\AI Based Quiz\backend\node_modules\cors\lib\index.js:219:13
    at optionsCallback (C:\Users\kanni\Desktop\AI Based Quiz\backend\node_modules\cors\lib\index.js:199:9)
    at corsMiddleware (C:\Users\kanni\Desktop\AI Based Quiz\backend\node_modules\cors\lib\index.js:204:7)
    at Layer.handleRequest (C:\Users\kanni\Desktop\AI Based Quiz\backend\node_modules\router\lib\layer.js:152:17)
    at trimPrefix (C:\Users\kanni\Desktop\AI Based Quiz\backend\node_modules\router\index.js:342:13)
    at C:\Users\kanni\Desktop\AI Based Quiz\backend\node_modules\router\index.js:297:9
    at processParams (C:\Users\kanni\Desktop\AI Based Quiz\backend\node_modules\router\index.js:582:12)
    at next (C:\Users\kanni\Desktop\AI Based Quiz\backend\node_modules\router\index.js:291:5)
    at router.handle (C:\Users\kanni\Desktop\AI Based Quiz\backend\node_modules\router\index.js:186:3)
    at app.handle (C:\Users\kanni\Desktop\AI Based Quiz\backend\node_modules\express\lib\application.js:177:15)
    at Server.app (C:\Users\kanni\Desktop\AI Based Quiz\backend\node_modules\express\lib\express.js:38:9)
    at Server.emit (node:events:508:20)
    at parserOnIncoming (node:_http_server:1216:12)
    at HTTPParser.parserOnHeadersComplete (node:_http_common:125:17)
Error: CORS blocked origin: https://mission-map-lc-new.netlify.app
    at origin (C:\Users\kanni\Desktop\AI Based Quiz\backend\server.js:37:21)
    at C:\Users\kanni\Desktop\AI Based Quiz\backend\node_modules\cors\lib\index.js:219:13
    at optionsCallback (C:\Users\kanni\Desktop\AI Based Quiz\backend\node_modules\cors\lib\index.js:199:9)
    at corsMiddleware (C:\Users\kanni\Desktop\AI Based Quiz\backend\node_modules\cors\lib\index.js:204:7)
    at Layer.handleRequest (C:\Users\kanni\Desktop\AI Based Quiz\backend\node_modules\router\lib\layer.js:152:17)
    at trimPrefix (C:\Users\kanni\Desktop\AI Based Quiz\backend\node_modules\router\index.js:342:13)
    at C:\Users\kanni\Desktop\AI Based Quiz\backend\node_modules\router\index.js:297:9
    at processParams (C:\Users\kanni\Desktop\AI Based Quiz\backend\node_modules\router\index.js:582:12)
    at next (C:\Users\kanni\Desktop\AI Based Quiz\backend\node_modules\router\index.js:291:5)
    at router.handle (C:\Users\kanni\Desktop\AI Based Quiz\backend\node_modules\router\index.js:186:3)
    at app.handle (C:\Users\kanni\Desktop\AI Based Quiz\backend\node_modules\express\lib\application.js:177:15)
    at Server.app (C:\Users\kanni\Desktop\AI Based Quiz\backend\node_modules\express\lib\express.js:38:9)
    at Server.emit (node:events:508:20)
    at parserOnIncoming (node:_http_server:1216:12)
    at HTTPParser.parserOnHeadersComplete (node:_http_common:125:17)
Error: CORS blocked origin: https://mission-map-lc-new.netlify.app
    at origin (C:\Users\kanni\Desktop\AI Based Quiz\backend\server.js:37:21)
    at C:\Users\kanni\Desktop\AI Based Quiz\backend\node_modules\cors\lib\index.js:219:13
    at optionsCallback (C:\Users\kanni\Desktop\AI Based Quiz\backend\node_modules\cors\lib\index.js:199:9)
    at corsMiddleware (C:\Users\kanni\Desktop\AI Based Quiz\backend\node_modules\cors\lib\index.js:204:7)
    at Layer.handleRequest (C:\Users\kanni\Desktop\AI Based Quiz\backend\node_modules\router\lib\layer.js:152:17)
    at trimPrefix (C:\Users\kanni\Desktop\AI Based Quiz\backend\node_modules\router\index.js:342:13)
    at C:\Users\kanni\Desktop\AI Based Quiz\backend\node_modules\router\index.js:297:9
    at processParams (C:\Users\kanni\Desktop\AI Based Quiz\backend\node_modules\router\index.js:582:12)
    at next (C:\Users\kanni\Desktop\AI Based Quiz\backend\node_modules\router\index.js:291:5)
    at router.handle (C:\Users\kanni\Desktop\AI Based Quiz\backend\node_modules\router\index.js:186:3)
    at app.handle (C:\Users\kanni\Desktop\AI Based Quiz\backend\node_modules\express\lib\application.js:177:15)
    at Server.app (C:\Users\kanni\Desktop\AI Based Quiz\backend\node_modules\express\lib\express.js:38:9)
    at Server.emit (node:events:508:20)
    at parserOnIncoming (node:_http_server:1216:12)
    at HTTPParser.parserOnHeadersComplete (node:_http_common:125:17)
Error: CORS blocked origin: https://mission-map-lc-new.netlify.app
    at origin (C:\Users\kanni\Desktop\AI Based Quiz\backend\server.js:37:21)
    at C:\Users\kanni\Desktop\AI Based Quiz\backend\node_modules\cors\lib\index.js:219:13
    at optionsCallback (C:\Users\kanni\Desktop\AI Based Quiz\backend\node_modules\cors\lib\index.js:199:9)
    at corsMiddleware (C:\Users\kanni\Desktop\AI Based Quiz\backend\node_modules\cors\lib\index.js:204:7)
    at Layer.handleRequest (C:\Users\kanni\Desktop\AI Based Quiz\backend\node_modules\router\lib\layer.js:152:17)
    at trimPrefix (C:\Users\kanni\Desktop\AI Based Quiz\backend\node_modules\router\index.js:342:13)
    at C:\Users\kanni\Desktop\AI Based Quiz\backend\node_modules\router\index.js:297:9
    at processParams (C:\Users\kanni\Desktop\AI Based Quiz\backend\node_modules\router\index.js:582:12)
    at next (C:\Users\kanni\Desktop\AI Based Quiz\backend\node_modules\router\index.js:291:5)
    at router.handle (C:\Users\kanni\Desktop\AI Based Quiz\backend\node_modules\router\index.js:186:3)
    at app.handle (C:\Users\kanni\Desktop\AI Based Quiz\backend\node_modules\express\lib\application.js:177:15)
    at Server.app (C:\Users\kanni\Desktop\AI Based Quiz\backend\node_modules\express\lib\express.js:38:9)
    at Server.emit (node:events:508:20)
    at parserOnIncoming (node:_http_server:1216:12)
    at HTTPParser.parserOnHeadersComplete (node:_http_common:125:17)
Error: CORS blocked origin: https://mission-map-lc-new.netlify.app
    at origin (C:\Users\kanni\Desktop\AI Based Quiz\backend\server.js:37:21)
    at C:\Users\kanni\Desktop\AI Based Quiz\backend\node_modules\cors\lib\index.js:219:13
    at optionsCallback (C:\Users\kanni\Desktop\AI Based Quiz\backend\node_modules\cors\lib\index.js:199:9)
    at corsMiddleware (C:\Users\kanni\Desktop\AI Based Quiz\backend\node_modules\cors\lib\index.js:204:7)
    at Layer.handleRequest (C:\Users\kanni\Desktop\AI Based Quiz\backend\node_modules\router\lib\layer.js:152:17)
    at trimPrefix (C:\Users\kanni\Desktop\AI Based Quiz\backend\node_modules\router\index.js:342:13)
    at C:\Users\kanni\Desktop\AI Based Quiz\backend\node_modules\router\index.js:297:9
    at processParams (C:\Users\kanni\Desktop\AI Based Quiz\backend\node_modules\router\index.js:582:12)
    at next (C:\Users\kanni\Desktop\AI Based Quiz\backend\node_modules\router\index.js:291:5)
    at router.handle (C:\Users\kanni\Desktop\AI Based Quiz\backend\node_modules\router\index.js:186:3)
    at app.handle (C:\Users\kanni\Desktop\AI Based Quiz\backend\node_modules\express\lib\application.js:177:15)
    at Server.app (C:\Users\kanni\Desktop\AI Based Quiz\backend\node_modules\express\lib\express.js:38:9)
    at Server.emit (node:events:508:20)
    at parserOnIncoming (node:_http_server:1216:12)
    at HTTPParser.parserOnHeadersComplete (node:_http_common:125:17)
Error: CORS blocked origin: https://mission-map-lc-new.netlify.app
    at origin (C:\Users\kanni\Desktop\AI Based Quiz\backend\server.js:37:21)
    at C:\Users\kanni\Desktop\AI Based Quiz\backend\node_modules\cors\lib\index.js:219:13
    at optionsCallback (C:\Users\kanni\Desktop\AI Based Quiz\backend\node_modules\cors\lib\index.js:199:9)
    at corsMiddleware (C:\Users\kanni\Desktop\AI Based Quiz\backend\node_modules\cors\lib\index.js:204:7)
    at Layer.handleRequest (C:\Users\kanni\Desktop\AI Based Quiz\backend\node_modules\router\lib\layer.js:152:17)
    at trimPrefix (C:\Users\kanni\Desktop\AI Based Quiz\backend\node_modules\router\index.js:342:13)
    at C:\Users\kanni\Desktop\AI Based Quiz\backend\node_modules\router\index.js:297:9
    at processParams (C:\Users\kanni\Desktop\AI Based Quiz\backend\node_modules\router\index.js:582:12)
    at next (C:\Users\kanni\Desktop\AI Based Quiz\backend\node_modules\router\index.js:291:5)
    at router.handle (C:\Users\kanni\Desktop\AI Based Quiz\backend\node_modules\router\index.js:186:3)
    at app.handle (C:\Users\kanni\Desktop\AI Based Quiz\backend\node_modules\express\lib\application.js:177:15)
    at Server.app (C:\Users\kanni\Desktop\AI Based Quiz\backend\node_modules\express\lib\express.js:38:9)
    at Server.emit (node:events:508:20)
    at parserOnIncoming (node:_http_server:1216:12)
    at HTTPParser.parserOnHeadersComplete (node:_http_common:125:17)
Error: CORS blocked origin: https://mission-map-lc-new.netlify.app
    at origin (C:\Users\kanni\Desktop\AI Based Quiz\backend\server.js:37:21)
    at C:\Users\kanni\Desktop\AI Based Quiz\backend\node_modules\cors\lib\index.js:219:13
    at optionsCallback (C:\Users\kanni\Desktop\AI Based Quiz\backend\node_modules\cors\lib\index.js:199:9)
    at corsMiddleware (C:\Users\kanni\Desktop\AI Based Quiz\backend\node_modules\cors\lib\index.js:204:7)
    at Layer.handleRequest (C:\Users\kanni\Desktop\AI Based Quiz\backend\node_modules\router\lib\layer.js:152:17)
    at trimPrefix (C:\Users\kanni\Desktop\AI Based Quiz\backend\node_modules\router\index.js:342:13)
    at C:\Users\kanni\Desktop\AI Based Quiz\backend\node_modules\router\index.js:297:9
    at processParams (C:\Users\kanni\Desktop\AI Based Quiz\backend\node_modules\router\index.js:582:12)
    at next (C:\Users\kanni\Desktop\AI Based Quiz\backend\node_modules\router\index.js:291:5)
    at router.handle (C:\Users\kanni\Desktop\AI Based Quiz\backend\node_modules\router\index.js:186:3)
    at app.handle (C:\Users\kanni\Desktop\AI Based Quiz\backend\node_modules\express\lib\application.js:177:15)
    at Server.app (C:\Users\kanni\Desktop\AI Based Quiz\backend\node_modules\express\lib\express.js:38:9)
    at Server.emit (node:events:508:20)
    at parserOnIncoming (node:_http_server:1216:12)
    at HTTPParser.parserOnHeadersComplete (node:_http_common:125:17)
Error: CORS blocked origin: https://mission-map-lc-new.netlify.app
    at origin (C:\Users\kanni\Desktop\AI Based Quiz\backend\server.js:37:21)
    at C:\Users\kanni\Desktop\AI Based Quiz\backend\node_modules\cors\lib\index.js:219:13
    at optionsCallback (C:\Users\kanni\Desktop\AI Based Quiz\backend\node_modules\cors\lib\index.js:199:9)
    at corsMiddleware (C:\Users\kanni\Desktop\AI Based Quiz\backend\node_modules\cors\lib\index.js:204:7)
    at Layer.handleRequest (C:\Users\kanni\Desktop\AI Based Quiz\backend\node_modules\router\lib\layer.js:152:17)
    at trimPrefix (C:\Users\kanni\Desktop\AI Based Quiz\backend\node_modules\router\index.js:342:13)
    at C:\Users\kanni\Desktop\AI Based Quiz\backend\node_modules\router\index.js:297:9
    at processParams (C:\Users\kanni\Desktop\AI Based Quiz\backend\node_modules\router\index.js:582:12)
    at next (C:\Users\kanni\Desktop\AI Based Quiz\backend\node_modules\router\index.js:291:5)
    at router.handle (C:\Users\kanni\Desktop\AI Based Quiz\backend\node_modules\router\index.js:186:3)
    at app.handle (C:\Users\kanni\Desktop\AI Based Quiz\backend\node_modules\express\lib\application.js:177:15)
    at Server.app (C:\Users\kanni\Desktop\AI Based Quiz\backend\node_modules\express\lib\express.js:38:9)
    at Server.emit (node:events:508:20)
    at parserOnIncoming (node:_http_server:1216:12)
    at HTTPParser.parserOnHeadersComplete (node:_http_common:125:17)
Error: CORS blocked origin: https://mission-map-lc-new.netlify.app
    at origin (C:\Users\kanni\Desktop\AI Based Quiz\backend\server.js:37:21)
    at C:\Users\kanni\Desktop\AI Based Quiz\backend\node_modules\cors\lib\index.js:219:13
    at optionsCallback (C:\Users\kanni\Desktop\AI Based Quiz\backend\node_modules\cors\lib\index.js:199:9)
    at corsMiddleware (C:\Users\kanni\Desktop\AI Based Quiz\backend\node_modules\cors\lib\index.js:204:7)
    at Layer.handleRequest (C:\Users\kanni\Desktop\AI Based Quiz\backend\node_modules\router\lib\layer.js:152:17)
    at trimPrefix (C:\Users\kanni\Desktop\AI Based Quiz\backend\node_modules\router\index.js:342:13)
    at C:\Users\kanni\Desktop\AI Based Quiz\backend\node_modules\router\index.js:297:9
    at processParams (C:\Users\kanni\Desktop\AI Based Quiz\backend\node_modules\router\index.js:582:12)
    at next (C:\Users\kanni\Desktop\AI Based Quiz\backend\node_modules\router\index.js:291:5)
    at router.handle (C:\Users\kanni\Desktop\AI Based Quiz\backend\node_modules\router\index.js:186:3)
    at app.handle (C:\Users\kanni\Desktop\AI Based Quiz\backend\node_modules\express\lib\application.js:177:15)
    at Server.app (C:\Users\kanni\Desktop\AI Based Quiz\backend\node_modules\express\lib\express.js:38:9)
    at Server.emit (node:events:508:20)
    at parserOnIncoming (node:_http_server:1216:12)
    at HTTPParser.parserOnHeadersComplete (node:_http_common:125:17)
Error: CORS blocked origin: https://mission-map-lc-new.netlify.app
    at origin (C:\Users\kanni\Desktop\AI Based Quiz\backend\server.js:37:21)
    at C:\Users\kanni\Desktop\AI Based Quiz\backend\node_modules\cors\lib\index.js:219:13
    at optionsCallback (C:\Users\kanni\Desktop\AI Based Quiz\backend\node_modules\cors\lib\index.js:199:9)
    at corsMiddleware (C:\Users\kanni\Desktop\AI Based Quiz\backend\node_modules\cors\lib\index.js:204:7)
    at Layer.handleRequest (C:\Users\kanni\Desktop\AI Based Quiz\backend\node_modules\router\lib\layer.js:152:17)
    at trimPrefix (C:\Users\kanni\Desktop\AI Based Quiz\backend\node_modules\router\index.js:342:13)
    at C:\Users\kanni\Desktop\AI Based Quiz\backend\node_modules\router\index.js:297:9
    at processParams (C:\Users\kanni\Desktop\AI Based Quiz\backend\node_modules\router\index.js:582:12)
    at next (C:\Users\kanni\Desktop\AI Based Quiz\backend\node_modules\router\index.js:291:5)
    at router.handle (C:\Users\kanni\Desktop\AI Based Quiz\backend\node_modules\router\index.js:186:3)
    at app.handle (C:\Users\kanni\Desktop\AI Based Quiz\backend\node_modules\express\lib\application.js:177:15)
    at Server.app (C:\Users\kanni\Desktop\AI Based Quiz\backend\node_modules\express\lib\express.js:38:9)
    at Server.emit (node:events:508:20)
    at parserOnIncoming (node:_http_server:1216:12)
    at HTTPParser.parserOnHeadersComplete (node:_http_common:125:17)
Error: CORS blocked origin: https://mission-map-lc-new.netlify.app
    at origin (C:\Users\kanni\Desktop\AI Based Quiz\backend\server.js:37:21)
    at C:\Users\kanni\Desktop\AI Based Quiz\backend\node_modules\cors\lib\index.js:219:13
    at optionsCallback (C:\Users\kanni\Desktop\AI Based Quiz\backend\node_modules\cors\lib\index.js:199:9)
    at corsMiddleware (C:\Users\kanni\Desktop\AI Based Quiz\backend\node_modules\cors\lib\index.js:204:7)
    at Layer.handleRequest (C:\Users\kanni\Desktop\AI Based Quiz\backend\node_modules\router\lib\layer.js:152:17)
    at trimPrefix (C:\Users\kanni\Desktop\AI Based Quiz\backend\node_modules\router\index.js:342:13)
    at C:\Users\kanni\Desktop\AI Based Quiz\backend\node_modules\router\index.js:297:9
    at processParams (C:\Users\kanni\Desktop\AI Based Quiz\backend\node_modules\router\index.js:582:12)
    at next (C:\Users\kanni\Desktop\AI Based Quiz\backend\node_modules\router\index.js:291:5)
    at router.handle (C:\Users\kanni\Desktop\AI Based Quiz\backend\node_modules\router\index.js:186:3)
    at app.handle (C:\Users\kanni\Desktop\AI Based Quiz\backend\node_modules\express\lib\application.js:177:15)
    at Server.app (C:\Users\kanni\Desktop\AI Based Quiz\backend\node_modules\express\lib\express.js:38:9)
    at Server.emit (node:events:508:20)
    at parserOnIncoming (node:_http_server:1216:12)
    at HTTPParser.parserOnHeadersComplete (node:_http_common:125:17)
